<?xml version="1.0" encoding="UTF-8"?>
<!-- Generated by org.testng.reporters.JUnitReportReporter -->
<testsuite hostname="DESKTOP-DHH8HCQ" failures="0" tests="2" name="SearchTest" time="2.341" errors="0" timestamp="2022-06-19T20:59:52 YEKT" skipped="0">
  <testcase classname="SearchTest" name="openGoogleComInChromeTest" time="2.341"/>
  <system-out/>
  <testcase classname="SearchTest" name="test2" time="0.000"/>
  <system-out/>
</testsuite> <!-- SearchTest -->
